<?xml version="1.0" encoding="UTF-8"?>
<testsuite xmlns:xsi="http://www.w3.org/2001/XMLSchema-instance" xsi:noNamespaceSchemaLocation="https://maven.apache.org/surefire/maven-surefire-plugin/xsd/surefire-test-report.xsd" name="parallel.ParallelRun" time="10.562" tests="3" errors="0" skipped="0" failures="0">
  <properties>
[...]
</properties>
  <testcase name="runScenario" classname="parallel.ParallelRun$PositiveTest" time="6.337"/>
  <testcase name="runScenario" classname="parallel.ParallelRun$PositiveTest" time="7.954"/>
  <testcase name="runScenario" classname="parallel.ParallelRun$PositiveTest" time="8.258"/>
</testsuite>