<?xml version="1.0" encoding="UTF-8"?>
<testng-results ignored="0" total="3" passed="3" failed="0" skipped="0">
  <reporter-output>
  </reporter-output>
  <suite started-at="2021-06-01T19:17:08 IST" name="Surefire suite" finished-at="2021-06-01T19:17:19 IST" duration-ms="10187">
    <groups>
      <group name="cucumber">
        <method signature="AbstractTestNGCucumberTests.runScenario(io.cucumber.testng.PickleWrapper,io.cucumber.testng.FeatureWrapper)[pri:0, instance:parallel.ParallelRun$PositiveTest@7494f96a]" name="runScenario" class="io.cucumber.testng.AbstractTestNGCucumberTests"/>
      </group> <!-- cucumber -->
    </groups>
    <test started-at="2021-06-01T19:17:08 IST" name="Surefire test" finished-at="2021-06-01T19:17:19 IST" duration-ms="10187">
      <class name="parallel.ParallelRun$PositiveTest">
        <test-method is-config="true" signature="setUpClass()[pri:0, instance:parallel.ParallelRun$PositiveTest@7494f96a]" started-at="2021-06-01T19:17:08 IST" name="setUpClass" finished-at="2021-06-01T19:17:09 IST" duration-ms="567" status="PASS">
          <reporter-output>
          </reporter-output>
        </test-method> <!-- setUpClass -->
        <test-method signature="runScenario(io.cucumber.testng.PickleWrapper,io.cucumber.testng.FeatureWrapper)[pri:0, instance:parallel.ParallelRun$PositiveTest@7494f96a]" started-at="2021-06-01T19:17:09 IST" name="runScenario" description="Runs Cucumber Scenarios" data-provider="scenarios" finished-at="2021-06-01T19:17:17 IST" duration-ms="7954" status="PASS">
          <params>
            <param index="0">
              <value>
                <![CDATA["Validate webtable sorting"]]>
              </value>
            </param>
            <param index="1">
              <value>
                <![CDATA["Optional[Acceptance testing to validate Pagination is working.]"]]>
              </value>
            </param>
          </params>
          <reporter-output>
          </reporter-output>
        </test-method> <!-- runScenario -->
        <test-method signature="runScenario(io.cucumber.testng.PickleWrapper,io.cucumber.testng.FeatureWrapper)[pri:0, instance:parallel.ParallelRun$PositiveTest@7494f96a]" started-at="2021-06-01T19:17:09 IST" name="runScenario" description="Runs Cucumber Scenarios" data-provider="scenarios" finished-at="2021-06-01T19:17:17 IST" duration-ms="8259" status="PASS">
          <params>
            <param index="0">
              <value>
                <![CDATA["Validate web table pagination"]]>
              </value>
            </param>
            <param index="1">
              <value>
                <![CDATA["Optional[Acceptance testing to validate Pagination is working.]"]]>
              </value>
            </param>
          </params>
          <reporter-output>
          </reporter-output>
        </test-method> <!-- runScenario -->
        <test-method signature="runScenario(io.cucumber.testng.PickleWrapper,io.cucumber.testng.FeatureWrapper)[pri:0, instance:parallel.ParallelRun$PositiveTest@7494f96a]" started-at="2021-06-01T19:17:09 IST" name="runScenario" description="Runs Cucumber Scenarios" data-provider="scenarios" finished-at="2021-06-01T19:17:15 IST" duration-ms="6334" status="PASS">
          <params>
            <param index="0">
              <value>
                <![CDATA["Validate search filtering"]]>
              </value>
            </param>
            <param index="1">
              <value>
                <![CDATA["Optional[Acceptance testing to validate Pagination is working.]"]]>
              </value>
            </param>
          </params>
          <reporter-output>
          </reporter-output>
        </test-method> <!-- runScenario -->
        <test-method is-config="true" signature="tearDownClass()[pri:0, instance:parallel.ParallelRun$PositiveTest@7494f96a]" started-at="2021-06-01T19:17:17 IST" name="tearDownClass" finished-at="2021-06-01T19:17:19 IST" duration-ms="1330" status="PASS">
          <reporter-output>
          </reporter-output>
        </test-method> <!-- tearDownClass -->
      </class> <!-- parallel.ParallelRun$PositiveTest -->
    </test> <!-- Surefire test -->
  </suite> <!-- Surefire suite -->
</testng-results>
