<?xml version="1.0" encoding="UTF-8"?>
<testng-results ignored="0" total="3" passed="3" failed="0" skipped="0">
  <reporter-output>
  </reporter-output>
  <suite started-at="2021-06-04T22:20:20 IST" name="Surefire suite" finished-at="2021-06-04T22:20:34 IST" duration-ms="13821">
    <groups>
      <group name="cucumber">
        <method signature="AbstractTestNGCucumberTests.runScenario(io.cucumber.testng.PickleWrapper,io.cucumber.testng.FeatureWrapper)[pri:0, instance:parallel.ParallelRun$PositiveTest@17c1bced]" name="runScenario" class="io.cucumber.testng.AbstractTestNGCucumberTests"/>
      </group> <!-- cucumber -->
    </groups>
    <test started-at="2021-06-04T22:20:20 IST" name="Surefire test" finished-at="2021-06-04T22:20:34 IST" duration-ms="13821">
      <class name="parallel.ParallelRun$PositiveTest">
        <test-method is-config="true" signature="setUpClass()[pri:0, instance:parallel.ParallelRun$PositiveTest@17c1bced]" started-at="2021-06-04T22:20:20 IST" name="setUpClass" finished-at="2021-06-04T22:20:21 IST" duration-ms="1141" status="PASS">
          <reporter-output>
          </reporter-output>
        </test-method> <!-- setUpClass -->
        <test-method signature="runScenario(io.cucumber.testng.PickleWrapper,io.cucumber.testng.FeatureWrapper)[pri:0, instance:parallel.ParallelRun$PositiveTest@17c1bced]" started-at="2021-06-04T22:20:21 IST" name="runScenario" description="Runs Cucumber Scenarios" data-provider="scenarios" finished-at="2021-06-04T22:20:30 IST" duration-ms="8505" status="PASS">
          <params>
            <param index="0">
              <value>
                <![CDATA["Validate search filtering"]]>
              </value>
            </param>
            <param index="1">
              <value>
                <![CDATA["Optional[Acceptance testing to validate Pagination is working.]"]]>
              </value>
            </param>
          </params>
          <reporter-output>
          </reporter-output>
        </test-method> <!-- runScenario -->
        <test-method signature="runScenario(io.cucumber.testng.PickleWrapper,io.cucumber.testng.FeatureWrapper)[pri:0, instance:parallel.ParallelRun$PositiveTest@17c1bced]" started-at="2021-06-04T22:20:21 IST" name="runScenario" description="Runs Cucumber Scenarios" data-provider="scenarios" finished-at="2021-06-04T22:20:31 IST" duration-ms="9920" status="PASS">
          <params>
            <param index="0">
              <value>
                <![CDATA["Validate web table pagination"]]>
              </value>
            </param>
            <param index="1">
              <value>
                <![CDATA["Optional[Acceptance testing to validate Pagination is working.]"]]>
              </value>
            </param>
          </params>
          <reporter-output>
          </reporter-output>
        </test-method> <!-- runScenario -->
        <test-method signature="runScenario(io.cucumber.testng.PickleWrapper,io.cucumber.testng.FeatureWrapper)[pri:0, instance:parallel.ParallelRun$PositiveTest@17c1bced]" started-at="2021-06-04T22:20:21 IST" name="runScenario" description="Runs Cucumber Scenarios" data-provider="scenarios" finished-at="2021-06-04T22:20:31 IST" duration-ms="10203" status="PASS">
          <params>
            <param index="0">
              <value>
                <![CDATA["Validate webtable sorting"]]>
              </value>
            </param>
            <param index="1">
              <value>
                <![CDATA["Optional[Acceptance testing to validate Pagination is working.]"]]>
              </value>
            </param>
          </params>
          <reporter-output>
          </reporter-output>
        </test-method> <!-- runScenario -->
        <test-method is-config="true" signature="tearDownClass()[pri:0, instance:parallel.ParallelRun$PositiveTest@17c1bced]" started-at="2021-06-04T22:20:31 IST" name="tearDownClass" finished-at="2021-06-04T22:20:34 IST" duration-ms="2404" status="PASS">
          <reporter-output>
          </reporter-output>
        </test-method> <!-- tearDownClass -->
      </class> <!-- parallel.ParallelRun$PositiveTest -->
    </test> <!-- Surefire test -->
  </suite> <!-- Surefire suite -->
</testng-results>
